Tue Jun 28 12:24:32 JST 2022
Tue Jun 28 12:24:42 JST 2022
Tue Jun 28 12:24:52 JST 2022
Tue Jun 28 12:25:02 JST 2022
Tue Jun 28 12:25:14 JST 2022
Tue Jun 28 12:25:24 JST 2022
Tue Jun 28 12:25:34 JST 2022
Tue Jun 28 12:25:44 JST 2022
Tue Jun 28 12:25:54 JST 2022
Tue Jun 28 12:26:04 JST 2022
/usr/bin:/bin:/usr/sbin:/sbin
Tue Jun 28 12:26:13 JST 2022
/usr/bin:/bin:/usr/sbin:/sbin
Tue Jun 28 12:26:23 JST 2022
/usr/bin:/bin:/usr/sbin:/sbin
Tue Jun 28 12:26:33 JST 2022
/usr/bin:/bin:/usr/sbin:/sbin
Tue Jun 28 12:26:45 JST 2022
/usr/bin:/bin:/usr/sbin:/sbin
Tue Jun 28 12:26:55 JST 2022
/usr/bin:/bin:/usr/sbin:/sbin
Tue Jun 28 12:27:05 JST 2022
/usr/bin:/bin:/usr/sbin:/sbin
Tue Jun 28 12:27:15 JST 2022
/usr/bin:/bin:/usr/sbin:/sbin
Tue Jun 28 12:27:24 JST 2022
/usr/bin:/bin:/usr/sbin:/sbin
Configuration file: /Users/hotoku/projects/blog/_config.yml
            Source: /Users/hotoku/projects/blog
       Destination: /Users/hotoku/projects/blog/_site
 Incremental build: disabled. Enable with --incremental
      Generating... 
       Jekyll Feed: Generating feed for posts
                    done in 3.043 seconds.
 Auto-regeneration: enabled for '/Users/hotoku/projects/blog'
LiveReload address: http://127.0.0.1:35729
    Server address: http://127.0.0.1:4000
  Server running... press ctrl-c to stop.
        LiveReload: Browser connected
Tue Jun 28 12:27:48 JST 2022
/usr/bin:/bin:/usr/sbin:/sbin
Configuration file: /Users/hotoku/projects/blog/_config.yml
            Source: /Users/hotoku/projects/blog
       Destination: /Users/hotoku/projects/blog/_site
 Incremental build: disabled. Enable with --incremental
      Generating... 
       Jekyll Feed: Generating feed for posts
                    done in 2.662 seconds.
 Auto-regeneration: enabled for '/Users/hotoku/projects/blog'
LiveReload address: http://127.0.0.1:35729
    Server address: http://127.0.0.1:4000
  Server running... press ctrl-c to stop.
        LiveReload: Browser connected
