/Users/hotoku/projects/blog/_plist2/run.sh: line 12: jekyll: command not found
/Users/hotoku/projects/blog/_plist2/run.sh: line 12: jekyll: command not found
/Users/hotoku/projects/blog/_plist2/run.sh: line 12: jekyll: command not found
/Users/hotoku/projects/blog/_plist2/run.sh: line 12: jekyll: command not found
/Users/hotoku/projects/blog/_plist2/run.sh: line 12: brew: command not found
/Users/hotoku/projects/blog/_plist2/run.sh: line 12: /opt/chruby/share/chruby/chruby.sh: No such file or directory
/Users/hotoku/projects/blog/_plist2/run.sh: line 13: brew: command not found
/Users/hotoku/projects/blog/_plist2/run.sh: line 13: /opt/chruby/share/chruby/auto.sh: No such file or directory
/Users/hotoku/projects/blog/_plist2/run.sh: line 16: jekyll: command not found
/Users/hotoku/projects/blog/_plist2/run.sh: line 12: brew: command not found
/Users/hotoku/projects/blog/_plist2/run.sh: line 12: /opt/chruby/share/chruby/chruby.sh: No such file or directory
/Users/hotoku/projects/blog/_plist2/run.sh: line 13: brew: command not found
/Users/hotoku/projects/blog/_plist2/run.sh: line 13: /opt/chruby/share/chruby/auto.sh: No such file or directory
/Users/hotoku/projects/blog/_plist2/run.sh: line 16: jekyll: command not found
/Users/hotoku/projects/blog/_plist2/run.sh: line 12: brew: command not found
/Users/hotoku/projects/blog/_plist2/run.sh: line 12: /opt/chruby/share/chruby/chruby.sh: No such file or directory
/Users/hotoku/projects/blog/_plist2/run.sh: line 13: brew: command not found
/Users/hotoku/projects/blog/_plist2/run.sh: line 13: /opt/chruby/share/chruby/auto.sh: No such file or directory
/Users/hotoku/projects/blog/_plist2/run.sh: line 16: jekyll: command not found
/Users/hotoku/projects/blog/_plist2/run.sh: line 12: brew: command not found
/Users/hotoku/projects/blog/_plist2/run.sh: line 12: /opt/chruby/share/chruby/chruby.sh: No such file or directory
/Users/hotoku/projects/blog/_plist2/run.sh: line 13: brew: command not found
/Users/hotoku/projects/blog/_plist2/run.sh: line 13: /opt/chruby/share/chruby/auto.sh: No such file or directory
/Users/hotoku/projects/blog/_plist2/run.sh: line 16: jekyll: command not found
/Users/hotoku/projects/blog/_plist2/run.sh: line 12: brew: command not found
/Users/hotoku/projects/blog/_plist2/run.sh: line 12: /opt/chruby/share/chruby/chruby.sh: No such file or directory
/Users/hotoku/projects/blog/_plist2/run.sh: line 13: brew: command not found
/Users/hotoku/projects/blog/_plist2/run.sh: line 13: /opt/chruby/share/chruby/auto.sh: No such file or directory
/Users/hotoku/projects/blog/_plist2/run.sh: line 16: jekyll: command not found
/Users/hotoku/projects/blog/_plist2/run.sh: line 13: brew: command not found
/Users/hotoku/projects/blog/_plist2/run.sh: line 13: /opt/chruby/share/chruby/chruby.sh: No such file or directory
/Users/hotoku/projects/blog/_plist2/run.sh: line 14: brew: command not found
/Users/hotoku/projects/blog/_plist2/run.sh: line 14: /opt/chruby/share/chruby/auto.sh: No such file or directory
/Users/hotoku/projects/blog/_plist2/run.sh: line 17: jekyll: command not found
/Users/hotoku/projects/blog/_plist2/run.sh: line 13: brew: command not found
/Users/hotoku/projects/blog/_plist2/run.sh: line 13: /opt/chruby/share/chruby/chruby.sh: No such file or directory
/Users/hotoku/projects/blog/_plist2/run.sh: line 14: brew: command not found
/Users/hotoku/projects/blog/_plist2/run.sh: line 14: /opt/chruby/share/chruby/auto.sh: No such file or directory
/Users/hotoku/projects/blog/_plist2/run.sh: line 17: jekyll: command not found
/Users/hotoku/projects/blog/_plist2/run.sh: line 13: brew: command not found
/Users/hotoku/projects/blog/_plist2/run.sh: line 13: /opt/chruby/share/chruby/chruby.sh: No such file or directory
/Users/hotoku/projects/blog/_plist2/run.sh: line 14: brew: command not found
/Users/hotoku/projects/blog/_plist2/run.sh: line 14: /opt/chruby/share/chruby/auto.sh: No such file or directory
/Users/hotoku/projects/blog/_plist2/run.sh: line 17: jekyll: command not found
/Users/hotoku/projects/blog/_plist2/run.sh: line 13: brew: command not found
/Users/hotoku/projects/blog/_plist2/run.sh: line 13: /opt/chruby/share/chruby/chruby.sh: No such file or directory
/Users/hotoku/projects/blog/_plist2/run.sh: line 14: brew: command not found
/Users/hotoku/projects/blog/_plist2/run.sh: line 14: /opt/chruby/share/chruby/auto.sh: No such file or directory
/Users/hotoku/projects/blog/_plist2/run.sh: line 17: jekyll: command not found
/Users/hotoku/projects/blog/_plist2/run.sh: line 13: brew: command not found
/Users/hotoku/projects/blog/_plist2/run.sh: line 13: /opt/chruby/share/chruby/chruby.sh: No such file or directory
/Users/hotoku/projects/blog/_plist2/run.sh: line 14: brew: command not found
/Users/hotoku/projects/blog/_plist2/run.sh: line 14: /opt/chruby/share/chruby/auto.sh: No such file or directory
/Users/hotoku/projects/blog/_plist2/run.sh: line 17: jekyll: command not found
/Users/hotoku/projects/blog/_plist2/run.sh: line 13: brew: command not found
/Users/hotoku/projects/blog/_plist2/run.sh: line 13: /opt/chruby/share/chruby/chruby.sh: No such file or directory
/Users/hotoku/projects/blog/_plist2/run.sh: line 14: brew: command not found
/Users/hotoku/projects/blog/_plist2/run.sh: line 14: /opt/chruby/share/chruby/auto.sh: No such file or directory
/Users/hotoku/projects/blog/_plist2/run.sh: line 17: jekyll: command not found
/Users/hotoku/projects/blog/_plist2/run.sh: line 13: brew: command not found
/Users/hotoku/projects/blog/_plist2/run.sh: line 13: /opt/chruby/share/chruby/chruby.sh: No such file or directory
/Users/hotoku/projects/blog/_plist2/run.sh: line 14: brew: command not found
/Users/hotoku/projects/blog/_plist2/run.sh: line 14: /opt/chruby/share/chruby/auto.sh: No such file or directory
/Users/hotoku/projects/blog/_plist2/run.sh: line 17: jekyll: command not found
/Users/hotoku/projects/blog/_plist2/run.sh: line 13: brew: command not found
/Users/hotoku/projects/blog/_plist2/run.sh: line 13: /opt/chruby/share/chruby/chruby.sh: No such file or directory
/Users/hotoku/projects/blog/_plist2/run.sh: line 14: brew: command not found
/Users/hotoku/projects/blog/_plist2/run.sh: line 14: /opt/chruby/share/chruby/auto.sh: No such file or directory
/Users/hotoku/projects/blog/_plist2/run.sh: line 17: jekyll: command not found
[31m                    ------------------------------------------------[0m
[31m      Jekyll 4.2.2   Please append `--trace` to the `serve` command [0m
[31m                     for any additional information or backtrace. [0m
[31m                    ------------------------------------------------[0m
/Users/hotoku/.gem/ruby/3.1.2/gems/jekyll-4.2.2/lib/jekyll/commands/serve.rb:285:in `join': SIGTERM (SignalException)
	from /Users/hotoku/.gem/ruby/3.1.2/gems/jekyll-4.2.2/lib/jekyll/commands/serve.rb:285:in `boot_or_detach'
	from /Users/hotoku/.gem/ruby/3.1.2/gems/jekyll-4.2.2/lib/jekyll/commands/serve.rb:220:in `start_up_webrick'
	from /Users/hotoku/.gem/ruby/3.1.2/gems/jekyll-4.2.2/lib/jekyll/commands/serve.rb:102:in `process'
	from /Users/hotoku/.gem/ruby/3.1.2/gems/jekyll-4.2.2/lib/jekyll/command.rb:91:in `block in process_with_graceful_fail'
	from /Users/hotoku/.gem/ruby/3.1.2/gems/jekyll-4.2.2/lib/jekyll/command.rb:91:in `each'
	from /Users/hotoku/.gem/ruby/3.1.2/gems/jekyll-4.2.2/lib/jekyll/command.rb:91:in `process_with_graceful_fail'
	from /Users/hotoku/.gem/ruby/3.1.2/gems/jekyll-4.2.2/lib/jekyll/commands/serve.rb:86:in `block (2 levels) in init_with_program'
	from /Users/hotoku/.gem/ruby/3.1.2/gems/mercenary-0.4.0/lib/mercenary/command.rb:221:in `block in execute'
	from /Users/hotoku/.gem/ruby/3.1.2/gems/mercenary-0.4.0/lib/mercenary/command.rb:221:in `each'
	from /Users/hotoku/.gem/ruby/3.1.2/gems/mercenary-0.4.0/lib/mercenary/command.rb:221:in `execute'
	from /Users/hotoku/.gem/ruby/3.1.2/gems/mercenary-0.4.0/lib/mercenary/program.rb:44:in `go'
	from /Users/hotoku/.gem/ruby/3.1.2/gems/mercenary-0.4.0/lib/mercenary.rb:21:in `program'
	from /Users/hotoku/.gem/ruby/3.1.2/gems/jekyll-4.2.2/exe/jekyll:15:in `<top (required)>'
	from /Users/hotoku/.gem/ruby/3.1.2/bin/jekyll:25:in `load'
	from /Users/hotoku/.gem/ruby/3.1.2/bin/jekyll:25:in `<main>'
